> sudo fastboot flash system rpb-desktop-image-lava-hikey960-20180126071619-127.rootfs.img
target reported max download size of 134217728 bytes
erasing 'system'...
OKAY [  0.438s]
sending sparse 'system' (131068 KB)...
OKAY [ 55.498s]
writing 'system'...
OKAY [  0.806s]
sending sparse 'system' (131068 KB)...
OKAY [ 55.508s]
writing 'system'...
OKAY [  0.991s]
sending sparse 'system' (131068 KB)...
OKAY [ 55.544s]
writing 'system'...
OKAY [  0.977s]
sending sparse 'system' (131068 KB)...
OKAY [ 55.571s]
writing 'system'...
OKAY [  0.964s]
sending sparse 'system' (131068 KB)...
OKAY [ 55.524s]
writing 'system'...
OKAY [  0.955s]
sending sparse 'system' (131068 KB)...
OKAY [ 55.517s]
writing 'system'...
OKAY [  0.953s]
sending sparse 'system' (131068 KB)...
OKAY [ 55.521s]
writing 'system'...
OKAY [  0.955s]
sending sparse 'system' (131068 KB)...
OKAY [ 55.535s]
writing 'system'...
OKAY [  0.952s]
sending sparse 'system' (131068 KB)...
OKAY [ 55.537s]
writing 'system'...
OKAY [  0.949s]
sending sparse 'system' (131068 KB)...
OKAY [ 55.519s]
writing 'system'...
OKAY [  0.949s]
sending sparse 'system' (131068 KB)...
OKAY [ 55.507s]
writing 'system'...
OKAY [  0.957s]
sending sparse 'system' (131068 KB)...
OKAY [ 55.522s]
writing 'system'...
OKAY [  0.955s]
sending sparse 'system' (131068 KB)...
OKAY [ 55.498s]
writing 'system'...
OKAY [  0.952s]
sending sparse 'system' (131068 KB)...
OKAY [ 55.509s]
writing 'system'...
OKAY [  0.952s]
sending sparse 'system' (131068 KB)...
OKAY [ 55.537s]
writing 'system'...
OKAY [  0.952s]
sending sparse 'system' (131068 KB)...
OKAY [ 55.524s]
writing 'system'...
OKAY [  0.955s]
sending sparse 'system' (131068 KB)...
OKAY [ 55.508s]
writing 'system'...
OKAY [  0.954s]
sending sparse 'system' (131068 KB)...
OKAY [ 55.513s]
writing 'system'...
OKAY [  0.962s]
sending sparse 'system' (131068 KB)...
OKAY [ 55.499s]
writing 'system'...
OKAY [  0.980s]
sending sparse 'system' (131068 KB)...
OKAY [ 55.520s]
writing 'system'...
OKAY [  0.960s]
sending sparse 'system' (131068 KB)...
OKAY [ 55.503s]
writing 'system'...
OKAY [  0.953s]
sending sparse 'system' (131068 KB)...
OKAY [ 55.510s]
writing 'system'...
OKAY [  0.953s]
sending sparse 'system' (131068 KB)...
OKAY [ 55.504s]
writing 'system'...
OKAY [  0.952s]
sending sparse 'system' (131068 KB)...
OKAY [ 55.514s]
writing 'system'...
OKAY [  0.953s]
sending sparse 'system' (131068 KB)...
OKAY [ 55.516s]
writing 'system'...
OKAY [  0.951s]
sending sparse 'system' (131068 KB)...
OKAY [ 55.542s]
writing 'system'...
OKAY [  0.951s]
sending sparse 'system' (131068 KB)...
OKAY [ 55.515s]
writing 'system'...
OKAY [  0.952s]
sending sparse 'system' (131068 KB)...
OKAY [ 55.515s]
writing 'system'...
OKAY [  0.951s]
sending sparse 'system' (131068 KB)...
OKAY [ 55.515s]
writing 'system'...
OKAY [  0.953s]
sending sparse 'system' (131068 KB)...
OKAY [ 55.521s]
writing 'system'...
OKAY [  0.948s]
sending sparse 'system' (131068 KB)...
OKAY [ 55.521s]
writing 'system'...
OKAY [  0.950s]
sending sparse 'system' (131068 KB)...
OKAY [ 55.503s]
writing 'system'...
OKAY [  0.953s]
sending sparse 'system' (131068 KB)...
OKAY [ 55.495s]
writing 'system'...
OKAY [  0.950s]
sending sparse 'system' (12120 KB)...
OKAY [  5.076s]
writing 'system'...
OKAY [  0.097s]
finished. total time: 1869.096s

